Arguments: 
  /Users/mac/.nvm/versions/node/v9.3.0/lib/node_modules/node/lib/node_modules/node/bin/node /usr/local/Cellar/yarn/1.5.1/libexec/bin/yarn.js add -g jasmine

PATH: 
  /Users/mac/.nvm/versions/node/v9.3.0/bin:/usr/local/lib:/usr/local/bin:/usr/bin:/bin:/usr/sbin:/sbin

Yarn version: 
  1.5.1

Node version: 
  9.8.0

Platform: 
  darwin x64

npm manifest: 
  {
    "name": "FrontendTest",
    "version": "1.0.0",
    "main": "index.js",
    "repository": "https://github.com/Tommoore96/FrontendTest.git",
    "author": "Tom Moore <tommoore96@live.co.uk>",
    "license": "MIT"
  }

yarn manifest: 
  No manifest

Lockfile: 
  No lockfile

Trace: 
  Error: Missing list of packages to add to your project.
      at new MessageError (/usr/local/Cellar/yarn/1.5.1/libexec/lib/cli.js:186:110)
      at Object.<anonymous> (/usr/local/Cellar/yarn/1.5.1/libexec/lib/cli.js:40587:13)
      at Generator.next (<anonymous>)
      at step (/usr/local/Cellar/yarn/1.5.1/libexec/lib/cli.js:98:30)
      at /usr/local/Cellar/yarn/1.5.1/libexec/lib/cli.js:116:14
      at new Promise (<anonymous>)
      at new F (/usr/local/Cellar/yarn/1.5.1/libexec/lib/cli.js:23451:28)
      at Object.<anonymous> (/usr/local/Cellar/yarn/1.5.1/libexec/lib/cli.js:95:12)
      at Object.run (/usr/local/Cellar/yarn/1.5.1/libexec/lib/cli.js:40599:19)
      at run (/usr/local/Cellar/yarn/1.5.1/libexec/lib/cli.js:89113:20)
